philo
Should fail: no error message

philo a a a a
Should fail: no error message

philo aaaaaaaaaaaaaaaaaaaaaaaaaaaaa a a a
Should fail: no error message

philo 10
Should fail: no error message

philo 10 10
Should fail: no error message

philo 10 10 10
Should fail: no error message

philo 10 10 10 10 10 10
Should fail: no error message

philo -1 10 10 10
Should fail: no error message

philo 10 -1 10 10
Should fail: no error message

philo 10 10 -1 10
Should fail: no error message

philo 10 10 10 -1
Should fail: no error message

philo 10 10 10 10 -1
Should fail: no error message

philo 4294967296 10 10 10
Should fail: no error message